# JRE version: Java(TM) SE Runtime Environment (8.0_11-b12) (build 1.8.0_11-b12)
# Java VM: Java HotSpot(TM) 64-Bit Server VM (25.11-b03 mixed mode bsd-amd64 compressed oops)
Heap:
 PSYoungGen      total 19456K, used 13228K [0x00000007b5580000, 0x00000007b6d80000, 0x00000007c0000000)
  eden space 15872K, 60% used [0x00000007b5580000,0x00000007b5eeb3f0,0x00000007b6500000)
  from space 3584K, 100% used [0x00000007b6900000,0x00000007b6c80000,0x00000007b6c80000)
  to   space 4096K, 0% used [0x00000007b6500000,0x00000007b6500000,0x00000007b6900000)
 ParOldGen       total 31232K, used 7741K [0x00000007a0000000, 0x00000007a1e80000, 0x00000007b5580000)
  object space 31232K, 24% used [0x00000007a0000000,0x00000007a078f578,0x00000007a1e80000)
 Metaspace       used 19717K, capacity 19948K, committed 20096K, reserved 1067008K
  class space    used 2881K, capacity 2943K, committed 2944K, reserved 1048576K
GC Heap History (10 events):
Event: 3.142 GC heap before
{Heap before GC invocations=8 (full 0):
 PSYoungGen      total 5120K, used 4600K [0x00000007b5580000, 0x00000007b5f80000, 0x00000007c0000000)
  eden space 3584K, 100% used [0x00000007b5580000,0x00000007b5900000,0x00000007b5900000)
  from space 1536K, 66% used [0x00000007b5900000,0x00000007b59fe030,0x00000007b5a80000)
  to   space 1536K, 0% used [0x00000007b5e00000,0x00000007b5e00000,0x00000007b5f80000)
 ParOldGen       total 31232K, used 1144K [0x00000007a0000000, 0x00000007a1e80000, 0x00000007b5580000)
  object space 31232K, 3% used [0x00000007a0000000,0x00000007a011e070,0x00000007a1e80000)
 Metaspace       used 10957K, capacity 11084K, committed 11264K, reserved 1058816K
  class space    used 1487K, capacity 1524K, committed 1536K, reserved 1048576K
Event: 3.150 GC heap after
Heap after GC invocations=8 (full 0):
 PSYoungGen      total 8704K, used 1440K [0x00000007b5580000, 0x00000007b5f80000, 0x00000007c0000000)
  eden space 7168K, 0% used [0x00000007b5580000,0x00000007b5580000,0x00000007b5c80000)
  from space 1536K, 93% used [0x00000007b5e00000,0x00000007b5f68010,0x00000007b5f80000)
  to   space 1536K, 0% used [0x00000007b5c80000,0x00000007b5c80000,0x00000007b5e00000)
 ParOldGen       total 31232K, used 1288K [0x00000007a0000000, 0x00000007a1e80000, 0x00000007b5580000)
  object space 31232K, 4% used [0x00000007a0000000,0x00000007a0142070,0x00000007a1e80000)
 Metaspace       used 10957K, capacity 11084K, committed 11264K, reserved 1058816K
  class space    used 1487K, capacity 1524K, committed 1536K, reserved 1048576K
}
Event: 4.327 GC heap before
{Heap before GC invocations=9 (full 0):
 PSYoungGen      total 8704K, used 8608K [0x00000007b5580000, 0x00000007b5f80000, 0x00000007c0000000)
  eden space 7168K, 100% used [0x00000007b5580000,0x00000007b5c80000,0x00000007b5c80000)
  from space 1536K, 93% used [0x00000007b5e00000,0x00000007b5f68010,0x00000007b5f80000)
  to   space 1536K, 0% used [0x00000007b5c80000,0x00000007b5c80000,0x00000007b5e00000)
 ParOldGen       total 31232K, used 1288K [0x00000007a0000000, 0x00000007a1e80000, 0x00000007b5580000)
  object space 31232K, 4% used [0x00000007a0000000,0x00000007a0142070,0x00000007a1e80000)
 Metaspace       used 13948K, capacity 14138K, committed 14336K, reserved 1060864K
  class space    used 1953K, capacity 2015K, committed 2048K, reserved 1048576K
Event: 4.339 GC heap after
Heap after GC invocations=9 (full 0):
 PSYoungGen      total 8704K, used 1536K [0x00000007b5580000, 0x00000007b6500000, 0x00000007c0000000)
  eden space 7168K, 0% used [0x00000007b5580000,0x00000007b5580000,0x00000007b5c80000)
  from space 1536K, 100% used [0x00000007b5c80000,0x00000007b5e00000,0x00000007b5e00000)
  to   space 2048K, 0% used [0x00000007b6300000,0x00000007b6300000,0x00000007b6500000)
 ParOldGen       total 31232K, used 2068K [0x00000007a0000000, 0x00000007a1e80000, 0x00000007b5580000)
  object space 31232K, 6% used [0x00000007a0000000,0x00000007a02050b0,0x00000007a1e80000)
 Metaspace       used 13948K, capacity 14138K, committed 14336K, reserved 1060864K
  class space    used 1953K, capacity 2015K, committed 2048K, reserved 1048576K
}
Event: 11.810 GC heap before
{Heap before GC invocations=10 (full 0):
 PSYoungGen      total 8704K, used 8704K [0x00000007b5580000, 0x00000007b6500000, 0x00000007c0000000)
  eden space 7168K, 100% used [0x00000007b5580000,0x00000007b5c80000,0x00000007b5c80000)
  from space 1536K, 100% used [0x00000007b5c80000,0x00000007b5e00000,0x00000007b5e00000)
  to   space 2048K, 0% used [0x00000007b6300000,0x00000007b6300000,0x00000007b6500000)
 ParOldGen       total 31232K, used 2068K [0x00000007a0000000, 0x00000007a1e80000, 0x00000007b5580000)
  object space 31232K, 6% used [0x00000007a0000000,0x00000007a02050b0,0x00000007a1e80000)
 Metaspace       used 15296K, capacity 15482K, committed 15616K, reserved 1062912K
  class space    used 2141K, capacity 2207K, committed 2304K, reserved 1048576K
Event: 11.833 GC heap after
Heap after GC invocations=10 (full 0):
 PSYoungGen      total 12288K, used 2048K [0x00000007b5580000, 0x00000007b6800000, 0x00000007c0000000)
  eden space 10240K, 0% used [0x00000007b5580000,0x00000007b5580000,0x00000007b5f80000)
  from space 2048K, 100% used [0x00000007b6300000,0x00000007b6500000,0x00000007b6500000)
  to   space 3584K, 0% used [0x00000007b5f80000,0x00000007b5f80000,0x00000007b6300000)
 ParOldGen       total 31232K, used 5097K [0x00000007a0000000, 0x00000007a1e80000, 0x00000007b5580000)
  object space 31232K, 16% used [0x00000007a0000000,0x00000007a04fa460,0x00000007a1e80000)
 Metaspace       used 15296K, capacity 15482K, committed 15616K, reserved 1062912K
  class space    used 2141K, capacity 2207K, committed 2304K, reserved 1048576K
}
Event: 13.395 GC heap before
{Heap before GC invocations=11 (full 0):
 PSYoungGen      total 12288K, used 12288K [0x00000007b5580000, 0x00000007b6800000, 0x00000007c0000000)
  eden space 10240K, 100% used [0x00000007b5580000,0x00000007b5f80000,0x00000007b5f80000)
  from space 2048K, 100% used [0x00000007b6300000,0x00000007b6500000,0x00000007b6500000)
  to   space 3584K, 0% used [0x00000007b5f80000,0x00000007b5f80000,0x00000007b6300000)
 ParOldGen       total 31232K, used 5097K [0x00000007a0000000, 0x00000007a1e80000, 0x00000007b5580000)
  object space 31232K, 16% used [0x00000007a0000000,0x00000007a04fa460,0x00000007a1e80000)
 Metaspace       used 17760K, capacity 18046K, committed 18176K, reserved 1064960K
  class space    used 2686K, capacity 2769K, committed 2816K, reserved 1048576K
Event: 13.414 GC heap after
Heap after GC invocations=11 (full 0):
 PSYoungGen      total 13824K, used 1408K [0x00000007b5580000, 0x00000007b6c80000, 0x00000007c0000000)
  eden space 10240K, 0% used [0x00000007b5580000,0x00000007b5580000,0x00000007b5f80000)
  from space 3584K, 39% used [0x00000007b5f80000,0x00000007b60e0000,0x00000007b6300000)
  to   space 3584K, 0% used [0x00000007b6900000,0x00000007b6900000,0x00000007b6c80000)
 ParOldGen       total 31232K, used 6438K [0x00000007a0000000, 0x00000007a1e80000, 0x00000007b5580000)
  object space 31232K, 20% used [0x00000007a0000000,0x00000007a0649930,0x00000007a1e80000)
 Metaspace       used 17760K, capacity 18046K, committed 18176K, reserved 1064960K
  class space    used 2686K, capacity 2769K, committed 2816K, reserved 1048576K
}
Event: 13.878 GC heap before
{Heap before GC invocations=12 (full 0):
 PSYoungGen      total 13824K, used 11648K [0x00000007b5580000, 0x00000007b6c80000, 0x00000007c0000000)
  eden space 10240K, 100% used [0x00000007b5580000,0x00000007b5f80000,0x00000007b5f80000)
  from space 3584K, 39% used [0x00000007b5f80000,0x00000007b60e0000,0x00000007b6300000)
  to   space 3584K, 0% used [0x00000007b6900000,0x00000007b6900000,0x00000007b6c80000)
 ParOldGen       total 31232K, used 6438K [0x00000007a0000000, 0x00000007a1e80000, 0x00000007b5580000)
  object space 31232K, 20% used [0x00000007a0000000,0x00000007a0649930,0x00000007a1e80000)
 Metaspace       used 18423K, capacity 18668K, committed 18688K, reserved 1064960K
  class space    used 2761K, capacity 2815K, committed 2816K, reserved 1048576K
Event: 13.911 GC heap after
Heap after GC invocations=12 (full 0):
 PSYoungGen      total 19456K, used 3584K [0x00000007b5580000, 0x00000007b6d80000, 0x00000007c0000000)
  eden space 15872K, 0% used [0x00000007b5580000,0x00000007b5580000,0x00000007b6500000)
  from space 3584K, 100% used [0x00000007b6900000,0x00000007b6c80000,0x00000007b6c80000)
  to   space 4096K, 0% used [0x00000007b6500000,0x00000007b6500000,0x00000007b6900000)
 ParOldGen       total 31232K, used 7741K [0x00000007a0000000, 0x00000007a1e80000, 0x00000007b5580000)
  object space 31232K, 24% used [0x00000007a0000000,0x00000007a078f578,0x00000007a1e80000)
 Metaspace       used 18423K, capacity 18668K, committed 18688K, reserved 1064960K
  class space    used 2761K, capacity 2815K, committed 2816K, reserved 1048576K
}

